21:25:41.301 [main] INFO  steps.BaseTest - ------>Starting to execute display/hide advanced search option<--------

21:25:51.268 [main] INFO  steps.BaseTest - User logged in and in Purchases module
21:25:51.444 [main] INFO  steps.BaseTest - User clicked on search icon
21:25:51.477 [main] INFO  steps.BaseTest - Advanced search options tab appeared
21:25:51.560 [main] INFO  steps.BaseTest - User clicks again on the icon 
21:25:51.564 [main] INFO  steps.BaseTest - display/hide advanced search option passed succesfully

'
21:27:38.210 [main] INFO  steps.BaseTest - ------>Starting to execute search products by name<--------

21:27:46.509 [main] INFO  steps.BaseTest - User logged in and in Purchases module
21:27:48.088 [main] INFO  steps.BaseTest - Tab switched to Products
21:27:49.706 [main] INFO  steps.BaseTest - Searching for apple
21:27:50.157 [main] INFO  steps.BaseTest - Word apple is present in search results
21:27:50.195 [main] INFO  steps.BaseTest - Word apple is present in search field as a tab
21:27:50.197 [main] INFO  steps.BaseTest - search products by name passed succesfully

'
21:27:54.855 [main] INFO  steps.BaseTest - ------>Starting to execute display/hide advanced search option<--------

21:28:02.223 [main] INFO  steps.BaseTest - User logged in and in Purchases module
21:28:02.403 [main] INFO  steps.BaseTest - User clicked on search icon
21:28:02.444 [main] INFO  steps.BaseTest - Advanced search options tab appeared
21:28:02.517 [main] INFO  steps.BaseTest - User clicks again on the icon 
21:28:02.549 [main] INFO  steps.BaseTest - Advanced search tab is invisible
21:28:02.550 [main] INFO  steps.BaseTest - display/hide advanced search option passed succesfully

'
21:34:24.102 [main] INFO  steps.BaseTest - ------>Starting to execute search products by name<--------

21:34:32.546 [main] INFO  steps.BaseTest - User logged in and in Purchases module
21:34:34.027 [main] INFO  steps.BaseTest - Tab switched to Products
21:34:34.995 [main] INFO  steps.BaseTest - Searching for apple
